{"message":"Server started at http://undefined:undefined/api","level":"info","timestamp":"2018-08-31T07:15:56.538Z"}
{"message":"Server started at http://undefined:undefined/api","level":"info","timestamp":"2018-08-31T07:27:54.801Z"}
{"message":"Server started at http://undefined:undefined/api","level":"info","timestamp":"2018-08-31T07:28:01.679Z"}
{"message":"Server started at http://undefined:undefined/api","level":"info","timestamp":"2018-08-31T07:29:13.782Z"}
{"message":"Server started at http://undefined:undefined/api","level":"info","timestamp":"2018-08-31T07:29:21.616Z"}
{"message":"Server started at http://undefined:undefined/api","level":"info","timestamp":"2018-08-31T07:30:20.181Z"}
{"message":"Server started at http://undefined:undefined/api","level":"info","timestamp":"2018-08-31T07:30:29.584Z"}
{"message":"Server started at http://undefined:undefined/api","level":"info","timestamp":"2018-08-31T07:30:37.547Z"}
{"message":"Server started at http://undefined:undefined/api","level":"info","timestamp":"2018-08-31T07:30:41.809Z"}
{"message":"Server started at http://undefined:undefined/api","level":"info","timestamp":"2018-08-31T07:33:21.088Z"}
{"message":"Server started at http://undefined:undefined/api","level":"info","timestamp":"2018-08-31T07:33:24.902Z"}
{"message":"Server started at http://undefined:undefined/api","level":"info","timestamp":"2018-08-31T07:38:13.628Z"}
{"message":"Server started at http://undefined:undefined/api","level":"info","timestamp":"2018-08-31T07:38:17.855Z"}
{"message":"Server started at http://undefined:undefined/api","level":"info","timestamp":"2018-08-31T08:04:50.658Z"}
{"message":"Server started at http://undefined:undefined/api","level":"info","timestamp":"2018-08-31T08:05:04.899Z"}
{"message":"Server started at http://undefined:undefined/api","level":"info","timestamp":"2018-08-31T08:05:23.172Z"}
{"message":"Server started at http://undefined:undefined/api","level":"info","timestamp":"2018-08-31T08:05:32.358Z"}
{"message":"Server started at http://undefined:undefined/api","level":"info","timestamp":"2018-08-31T08:05:34.181Z"}
{"message":"Server started at http://undefined:undefined/api","level":"info","timestamp":"2018-08-31T08:05:36.607Z"}
{"message":"Server started at http://undefined:undefined/api","level":"info","timestamp":"2018-08-31T08:05:49.852Z"}
{"message":"Server started at http://undefined:undefined/api","level":"info","timestamp":"2018-08-31T08:05:54.865Z"}
{"message":"Server started at http://undefined:undefined/api","level":"info","timestamp":"2018-08-31T08:05:59.360Z"}
{"message":"Server started at http://undefined:undefined/api","level":"info","timestamp":"2018-08-31T08:06:15.286Z"}
{"message":"Server started at http://undefined:undefined/api","level":"info","timestamp":"2018-08-31T08:07:09.724Z"}
{"message":"Server started at http://undefined:undefined/api","level":"info","timestamp":"2018-08-31T08:08:15.493Z"}
{"message":"Server started at http://undefined:undefined/api","level":"info","timestamp":"2018-08-31T08:08:46.388Z"}
{"message":"Server started at http://undefined:undefined/api","level":"info","timestamp":"2018-08-31T08:08:48.048Z"}
{"message":"Server started at http://undefined:undefined/api","level":"info","timestamp":"2018-08-31T08:09:15.643Z"}
{"message":"Server started at http://undefined:undefined/api","level":"info","timestamp":"2018-08-31T08:09:50.251Z"}
{"message":"Server started at http://undefined:undefined/api","level":"info","timestamp":"2018-08-31T08:10:19.089Z"}
{"message":"Server started at http://undefined:undefined/api","level":"info","timestamp":"2018-08-31T08:10:55.449Z"}
{"message":"Server started at http://undefined:undefined/api","level":"info","timestamp":"2018-08-31T08:10:59.689Z"}
{"message":"Server started at http://undefined:undefined/api","level":"info","timestamp":"2018-08-31T08:11:01.623Z"}
{"message":"Server started at http://undefined:undefined/api","level":"info","timestamp":"2018-08-31T08:11:03.238Z"}
{"message":"Server started at http://undefined:undefined/api","level":"info","timestamp":"2018-08-31T08:11:48.135Z"}
{"message":"Server started at http://undefined:undefined/api","level":"info","timestamp":"2018-08-31T08:11:49.602Z"}
{"message":"Server started at http://undefined:undefined/api","level":"info","timestamp":"2018-08-31T08:11:53.391Z"}
{"message":"Server started at http://undefined:undefined/api","level":"info","timestamp":"2018-08-31T08:11:55.334Z"}
{"message":"Server started at http://undefined:undefined/api","level":"info","timestamp":"2018-08-31T08:12:09.068Z"}
{"message":"Server started at http://undefined:undefined/api","level":"info","timestamp":"2018-08-31T08:12:47.361Z"}
{"message":"Server started at http://undefined:undefined/api","level":"info","timestamp":"2018-08-31T08:13:04.651Z"}
{"message":"Server started at http://undefined:undefined/api","level":"info","timestamp":"2018-08-31T08:13:31.768Z"}
{"message":"Server started at http://undefined:undefined/api","level":"info","timestamp":"2018-08-31T08:17:43.181Z"}
{"message":"Server started at http://undefined:undefined/api","level":"info","timestamp":"2018-08-31T08:18:10.559Z"}
{"message":"Server started at http://undefined:undefined/api","level":"info","timestamp":"2018-08-31T08:18:52.881Z"}
{"message":"Server started at http://undefined:undefined/api","level":"info","timestamp":"2018-08-31T08:18:54.753Z"}
{"message":"Server started at http://undefined:undefined/api","level":"info","timestamp":"2018-08-31T08:20:18.643Z"}
{"message":"Server started at http://undefined:undefined/api","level":"info","timestamp":"2018-08-31T08:20:23.835Z"}
{"message":"Server started at http://undefined:APP_HOST/api","level":"info","timestamp":"2018-08-31T08:20:33.605Z"}
{"message":"Server started at http://undefined:undefined/api","level":"info","timestamp":"2018-08-31T08:20:44.840Z"}
{"message":"Server started at http://undefined:undefined/api","level":"info","timestamp":"2018-08-31T08:21:01.014Z"}
{"message":"Server started at http://undefined:undefined/api","level":"info","timestamp":"2018-08-31T08:21:44.768Z"}
{"message":"Server started at http://undefined:undefined/api","level":"info","timestamp":"2018-08-31T08:22:13.386Z"}
{"message":"Server started at http://undefined:3000/api","level":"info","timestamp":"2018-08-31T08:22:21.557Z"}
{"message":"Server started at http://127.0.0.1:3000/api","level":"info","timestamp":"2018-08-31T08:22:28.552Z"}
{"message":"Server started at http://127.0.0.1:3000/api","level":"info","timestamp":"2018-08-31T08:22:39.758Z"}
{"message":"GET /api 200 15 - 12.174 ms\n","level":"info","timestamp":"2018-08-31T08:22:41.562Z"}
{"message":"GET /favicon.ico 404 150 - 1.273 ms\n","level":"info","timestamp":"2018-08-31T08:22:42.657Z"}
{"message":"GET /api 304 - - 0.792 ms\n","level":"info","timestamp":"2018-08-31T08:23:01.282Z"}
